Reading From: dewiki.tsv
1 Lines with mismatched pmid removed
868 Lines with mismatched isbn removed
The following columns have empty fields
page_title    2
dtype: int64
There are 0 Duplicate Rows in the Data

--- Beginning of Initial Analysis ---

Number of records: 1647997

The Range of Dates Represented in the Data:
        Earliest date (ns, UTC): 2001-12-02 17:08:33+00:00
        Earliest date: 2001-12-02
        Latest date (ns, UTC): 2018-03-02 01:26:31+00:00
        Latest date: 2018-03-02

Records By Type:
        Record type  Record count
               isbn       1516233
                doi        112299
               pmid         11924
              arxiv          5203
                pmc          2338

--- End of Initial Analysis ---

--- Beginning of Easy Extensions ---

Percent of Records for Each Citation Type:
        Record type Percentage %
               isbn         92.0
                doi          6.8
               pmid          0.7
              arxiv          0.3
                pmc          0.1

The Average Number Of Days Since A Citation Was Added Is: 2132

Number Of ArXiv Citations By Year:
        2012    920
        2017    857
        2013    847
        2016    582
        2011    508
        2014    430
        2015    416
        2010    136
        2009    136
        2008    130
        2018    101
        2007     58
        2006     55
        2005     22
        2004      5

--- End of Easy Extensions ---

--- Beginning of Medium Extensions ---

Average Citations:
        Mean:   2.884653893414645
        Median: 2.0

Number of Citations from Zenodo:
        Sorted by Number of Citations:
         Year  Number of Zenodo cited
         2017                      15
         2016                       9
         2015                       9
         2018                       3
         2014                       1

        Sorted by Year of Appearance:
         Year  Number of Zenodo cited
         2014                       1
         2015                       9
         2016                       9
         2017                      15
         2018                       3

The First 10 Pages Citing The Largest Number of Sources Are:
        R (Programmiersprache)
        Moderne Tests der Lorentzinvarianz
        Liste der Bücher von Wolfgang Hohlbein
        Graduate Texts in Mathematics
        Digitale Bibliothek (Produkt)
        Liste der Stammzellmarker
        Massenaussterben
        Kritische Studien zur Geschichtswissenschaft/Titel
        Ernest Rutherford/Schriften
        Liste der Sherlock-Holmes-Pastiches

--- End of Medium Extensions ---

--- Beginning of Hard Extensions ---

The 10 Most Cited Sources Are:
        ISBN 3170032631       7359
        ISBN 1579582931       3276
        ISBN 3110157144       2040
        ISBN 3800145731       1672
        ISBN 3824603217       1668
        ISBN 9783867772020    1634
        ISBN 0801882214       1560
        ISBN 3896023403       1426
        ISBN 0801857899       1372
        ISBN 9783895335563    1359

The Number and Percentage of Citations Added Per Year:
               Citations  Percentage
        Years
        2001           1    0.000061
        2002          82    0.004976
        2003        1231    0.074697
        2004       13850    0.840414
        2005       39580    2.401703
        2006       75903    4.605773
        2007       95236    5.778894
        2008      113308    6.875498
        2009      124860    7.576470
        2010      140734    8.539700
        2011      144694    8.779992
        2012      156202    9.478294
        2013      147412    8.944919
        2014      139559    8.468401
        2015      142532    8.648802
        2016      138971    8.432722
        2017      146986    8.919070
        2018       26856    1.629615

--- End of Hard Extensions ---
