Reading From: enwiki.tsv
3 Lines with mismatched pmid removed
575 Lines with mismatched isbn removed
The following columns have empty fields
page_title    2
dtype: int64
There are 0 Duplicate Rows in the Data

--- Beginning of Initial Analysis ---

Number of records: 3794115

The Range of Dates Represented in the Data:
	Earliest date (ns, UTC): 2001-12-06 15:08:27+00:00
	Earliest date: 2001-12-06
	Latest date (ns, UTC): 2018-03-02 06:32:39+00:00
	Latest date: 2018-03-02

Records By Type:
	Record type  Record count
	       isbn       1740235
	        doi       1211807
	       pmid        609845
	        pmc        181240
	      arxiv         50988

--- End of Initial Analysis ---

--- Beginning of Easy Extensions ---

Percent of Records for Each Citation Type:
	Record type Percentage %
	       isbn         45.9
	        doi         31.9
	       pmid         16.1
	        pmc          4.8
	      arxiv          1.3

The Average Number Of Days Since A Citation Was Added Is: 1774

Number Of ArXiv Citations By Year:
	2017    12434
	2016     9501
	2012     6138
	2011     5574
	2015     4792
	2013     3114
	2014     2601
	2018     2145
	2008     1160
	2009     1128
	2010      987
	2007      538
	2006      514
	2005      254
	2004       93
	2003       10
	2002        5

--- End of Easy Extensions ---

--- Beginning of Medium Extensions ---

Average Citations:
	Mean:   4.424386563519625
	Median: 2.0

Number of Citations from Zenodo:
	Sorted by Number of Citations:
	 Year  Number of Zenodo cited
	 2016                     248
	 2017                     129
	 2015                      95
	 2018                      22
	 2013                       1

	Sorted by Year of Appearance:
	 Year  Number of Zenodo cited
	 2013                       1
	 2015                      95
	 2016                     248
	 2017                     129
	 2018                      22

The First 10 Pages Citing The Largest Number of Sources Are:
	2017 in paleontology
	2016 in paleontology
	Induced stem cells
	2015 in paleontology
	Evolution
	List of sequenced bacterial genomes
	Haplogroup T-M184
	Alzheimer's disease
	MicroRNA
	Stress granule

--- End of Medium Extensions ---

--- Beginning of Hard Extensions ---

The 10 Most Cited Sources Are:
	ISBN 9781921496325                4769
	PMID 12477932                     4702
	PMC 139241                        4702
	DOI 10.1073/pnas.242603899        4702
	ISBN 1904994105                   4667
	PMID 15489334                     3387
	PMC 528928                        3387
	DOI 10.1101/gr.2596504            3387
	DOI 10.1051/0004-6361:20078357    2895
	ARXIV 0708.1752                   2891

The Number and Percentage of Citations Added Per Year:
	       Citations  Percentage
	Years
	2001           1    0.000026
	2002         135    0.003558
	2003         561    0.014786
	2004        2394    0.063098
	2005       10934    0.288183
	2006       36806    0.970081
	2007      217989    5.745451
	2008      260728    6.871906
	2009      266219    7.016630
	2010      311085    8.199145
	2011      270545    7.130648
	2012      269446    7.101682
	2013      306411    8.075954
	2014      370307    9.760036
	2015      432905   11.409907
	2016      442666   11.667174
	2017      494681   13.038113
	2018      100302    2.643620

--- End of Hard Extensions ---
