Reading From: zhwiki.tsv
1 Lines with mismatched pmid removed
3677 Lines with mismatched isbn removed
There are 0 Duplicate Rows in the Data

--- Beginning of Initial Analysis ---

Number of records: 360908

The Range of Dates Represented in the Data:
        Earliest date (ns, UTC): 2003-01-03 07:11:49+00:00
        Earliest date: 2003-01-03
        Latest date (ns, UTC): 2018-03-02 10:44:29+00:00
        Latest date: 2018-03-02

Records By Type:
          Record type  Record count
        0        isbn        264856
        1         doi         59667
        2        pmid         26218
        3         pmc          5390
        4       arxiv          4777

--- End of Initial Analysis ---

--- Beginning of Easy Extensions ---

Percent of Records for Each Citation Type:
          Record type Percentage %
        0        isbn         73.4
        1         doi         16.5
        2        pmid          7.3
        3         pmc          1.5
        4       arxiv          1.3

The Average Number Of Days Since A Citation Was Added Is: 1262

Number Of ArXiv Citations By Year:
        2012    865
        2016    769
        2017    680
        2015    602
        2014    571
        2013    509
        2018    278
        2011    176
        2010    122
        2008     87
        2009     62
        2007     36
        2006     16
        2005      3
        2004      1

--- End of Easy Extensions ---

--- Beginning of Medium Extensions ---

Average Citations:
        Mean:   3.766953000240061
        Median: 2.0

Number of Citations from Zenodo:
        Sorted by Number of Citations:
           Year  Number of Zenodo cited
        0  2017                       3

        Sorted by Year of Appearance:
           Year  Number of Zenodo cited
        0  2017                       3

The First 10 Pages Citing The Largest Number of Sources Are:
        络丝蛋白
        流行性感冒
        疟疾
        注意力不足過動症
        火影忍者
        肥胖症
        精神分裂症
        ONE PIECE漫画单行本列表
        银魂
        苯丙胺

--- End of Medium Extensions ---

--- Beginning of Hard Extensions ---

The 10 Most Cited Sources Are:
        ISBN 9787307070431        7843
        ISBN 9787552623208        7738
        ISBN 155066140495         1630
        ISBN 7806188819           1529
        DOI 10.1007/BF00171763    1422
        ISBN 9780521815284        1418
        ISBN 9780913135174        1417
        ISBN 9780304354696        1416
        ISBN 9780486209173        1415
        ISBN 9780521335003        1415

The Number and Percentage of Citations Added Per Year:
               Citations  Percentage
        Years
        2003          18    0.004987
        2004         102    0.028262
        2005         890    0.246600
        2006        2164    0.599599
        2007        6650    1.842575
        2008        9047    2.506733
        2009       11794    3.267869
        2010       15193    4.209660
        2011       18134    5.024549
        2012       27796    7.701686
        2013       31580    8.750152
        2014       40954   11.347490
        2015       42080   11.659481
        2016       57474   15.924834
        2017       81767   22.655912
        2018       15265    4.229610

--- End of Hard Extensions ---
